# JRE version: OpenJDK Runtime Environment Temurin-17.0.4.1+1 (17.0.4.1+1) (build 17.0.4.1+1)
# Java VM: OpenJDK 64-Bit Server VM Temurin-17.0.4.1+1 (17.0.4.1+1, mixed mode, tiered, compressed oops, compressed class ptrs, g1 gc, windows-amd64)
GC Precious Log:
 CPUs: 4 total, 4 available
 Memory: 16024M
 Large Page Support: Disabled
 NUMA Support: Disabled
 Compressed Oops: Enabled (Zero based)
 Heap Region Size: 2M
 Heap Min Capacity: 8M
 Heap Initial Capacity: 252M
 Heap Max Capacity: 4008M
 Pre-touch: Disabled
 Parallel Workers: 4
 Concurrent Workers: 1
 Concurrent Refinement Workers: 4
 Periodic GC: Disabled
Heap:
 garbage-first heap   total 40960K, used 26601K [0x0000000705800000, 0x0000000800000000)
  region size 2048K, 9 young (18432K), 1 survivors (2048K)
 Metaspace       used 41674K, committed 41920K, reserved 1089536K
  class space    used 4816K, committed 4928K, reserved 1048576K
GC Heap History (20 events):
Event: 2.095 GC heap before
{Heap before GC invocations=3 (full 0):
 garbage-first heap   total 258048K, used 6338K [0x0000000705800000, 0x0000000800000000)
  region size 2048K, 3 young (6144K), 2 survivors (4096K)
 Metaspace       used 21335K, committed 21504K, reserved 1073152K
  class space    used 2284K, committed 2368K, reserved 1048576K
}
Event: 2.098 GC heap after
{Heap after GC invocations=4 (full 0):
 garbage-first heap   total 258048K, used 6478K [0x0000000705800000, 0x0000000800000000)
  region size 2048K, 2 young (4096K), 2 survivors (4096K)
 Metaspace       used 21335K, committed 21504K, reserved 1073152K
  class space    used 2284K, committed 2368K, reserved 1048576K
}
Event: 2.668 GC heap before
{Heap before GC invocations=5 (full 0):
 garbage-first heap   total 40960K, used 26958K [0x0000000705800000, 0x0000000800000000)
  region size 2048K, 12 young (24576K), 2 survivors (4096K)
 Metaspace       used 24531K, committed 24768K, reserved 1073152K
  class space    used 2722K, committed 2816K, reserved 1048576K
}
Event: 2.672 GC heap after
{Heap after GC invocations=6 (full 0):
 garbage-first heap   total 40960K, used 7887K [0x0000000705800000, 0x0000000800000000)
  region size 2048K, 2 young (4096K), 2 survivors (4096K)
 Metaspace       used 24531K, committed 24768K, reserved 1073152K
  class space    used 2722K, committed 2816K, reserved 1048576K
}
Event: 2.734 GC heap before
{Heap before GC invocations=6 (full 0):
 garbage-first heap   total 40960K, used 9935K [0x0000000705800000, 0x0000000800000000)
  region size 2048K, 3 young (6144K), 2 survivors (4096K)
 Metaspace       used 24655K, committed 24896K, reserved 1073152K
  class space    used 2730K, committed 2880K, reserved 1048576K
}
Event: 2.738 GC heap after
{Heap after GC invocations=7 (full 0):
 garbage-first heap   total 40960K, used 8168K [0x0000000705800000, 0x0000000800000000)
  region size 2048K, 1 young (2048K), 1 survivors (2048K)
 Metaspace       used 24655K, committed 24896K, reserved 1073152K
  class space    used 2730K, committed 2880K, reserved 1048576K
}
Event: 3.286 GC heap before
{Heap before GC invocations=7 (full 0):
 garbage-first heap   total 40960K, used 26600K [0x0000000705800000, 0x0000000800000000)
  region size 2048K, 10 young (20480K), 1 survivors (2048K)
 Metaspace       used 28177K, committed 28416K, reserved 1081344K
  class space    used 3186K, committed 3264K, reserved 1048576K
}
Event: 3.290 GC heap after
{Heap after GC invocations=8 (full 0):
 garbage-first heap   total 40960K, used 9378K [0x0000000705800000, 0x0000000800000000)
  region size 2048K, 1 young (2048K), 1 survivors (2048K)
 Metaspace       used 28177K, committed 28416K, reserved 1081344K
  class space    used 3186K, committed 3264K, reserved 1048576K
}
Event: 3.943 GC heap before
{Heap before GC invocations=8 (full 0):
 garbage-first heap   total 40960K, used 25762K [0x0000000705800000, 0x0000000800000000)
  region size 2048K, 10 young (20480K), 1 survivors (2048K)
 Metaspace       used 32367K, committed 32576K, reserved 1081344K
  class space    used 3691K, committed 3776K, reserved 1048576K
}
Event: 3.948 GC heap after
{Heap after GC invocations=9 (full 0):
 garbage-first heap   total 40960K, used 11611K [0x0000000705800000, 0x0000000800000000)
  region size 2048K, 2 young (4096K), 2 survivors (4096K)
 Metaspace       used 32367K, committed 32576K, reserved 1081344K
  class space    used 3691K, committed 3776K, reserved 1048576K
}
Event: 4.475 GC heap before
{Heap before GC invocations=9 (full 0):
 garbage-first heap   total 40960K, used 27995K [0x0000000705800000, 0x0000000800000000)
  region size 2048K, 10 young (20480K), 2 survivors (4096K)
 Metaspace       used 35678K, committed 35968K, reserved 1081344K
  class space    used 4079K, committed 4224K, reserved 1048576K
}
Event: 4.481 GC heap after
{Heap after GC invocations=10 (full 0):
 garbage-first heap   total 40960K, used 13262K [0x0000000705800000, 0x0000000800000000)
  region size 2048K, 1 young (2048K), 1 survivors (2048K)
 Metaspace       used 35678K, committed 35968K, reserved 1081344K
  class space    used 4079K, committed 4224K, reserved 1048576K
}
Event: 4.489 GC heap before
{Heap before GC invocations=10 (full 0):
 garbage-first heap   total 40960K, used 13262K [0x0000000705800000, 0x0000000800000000)
  region size 2048K, 2 young (4096K), 1 survivors (2048K)
 Metaspace       used 35730K, committed 35968K, reserved 1081344K
  class space    used 4086K, committed 4224K, reserved 1048576K
}
Event: 4.492 GC heap after
{Heap after GC invocations=11 (full 0):
 garbage-first heap   total 40960K, used 13036K [0x0000000705800000, 0x0000000800000000)
  region size 2048K, 1 young (2048K), 1 survivors (2048K)
 Metaspace       used 35730K, committed 35968K, reserved 1081344K
  class space    used 4086K, committed 4224K, reserved 1048576K
}
Event: 5.020 GC heap before
{Heap before GC invocations=12 (full 0):
 garbage-first heap   total 40960K, used 29420K [0x0000000705800000, 0x0000000800000000)
  region size 2048K, 9 young (18432K), 1 survivors (2048K)
 Metaspace       used 38612K, committed 38976K, reserved 1089536K
  class space    used 4453K, committed 4608K, reserved 1048576K
}
Event: 5.025 GC heap after
{Heap after GC invocations=13 (full 0):
 garbage-first heap   total 40960K, used 14779K [0x0000000705800000, 0x0000000800000000)
  region size 2048K, 2 young (4096K), 2 survivors (4096K)
 Metaspace       used 38612K, committed 38976K, reserved 1089536K
  class space    used 4453K, committed 4608K, reserved 1048576K
}
Event: 33.125 GC heap before
{Heap before GC invocations=13 (full 0):
 garbage-first heap   total 40960K, used 16827K [0x0000000705800000, 0x0000000800000000)
  region size 2048K, 3 young (6144K), 2 survivors (4096K)
 Metaspace       used 38746K, committed 39040K, reserved 1089536K
  class space    used 4469K, committed 4608K, reserved 1048576K
}
Event: 33.139 GC heap after
{Heap after GC invocations=14 (full 0):
 garbage-first heap   total 40960K, used 14640K [0x0000000705800000, 0x0000000800000000)
  region size 2048K, 1 young (2048K), 1 survivors (2048K)
 Metaspace       used 38746K, committed 39040K, reserved 1089536K
  class space    used 4469K, committed 4608K, reserved 1048576K
}
Event: 289.160 GC heap before
{Heap before GC invocations=14 (full 0):
 garbage-first heap   total 40960K, used 28976K [0x0000000705800000, 0x0000000800000000)
  region size 2048K, 8 young (16384K), 1 survivors (2048K)
 Metaspace       used 38835K, committed 39168K, reserved 1089536K
  class space    used 4469K, committed 4608K, reserved 1048576K
}
Event: 289.162 GC heap after
{Heap after GC invocations=15 (full 0):
 garbage-first heap   total 40960K, used 14313K [0x0000000705800000, 0x0000000800000000)
  region size 2048K, 1 young (2048K), 1 survivors (2048K)
 Metaspace       used 38835K, committed 39168K, reserved 1089536K
  class space    used 4469K, committed 4608K, reserved 1048576K
}

