# JRE version: OpenJDK Runtime Environment Temurin-17.0.4.1+1 (17.0.4.1+1) (build 17.0.4.1+1)
# Java VM: OpenJDK 64-Bit Server VM Temurin-17.0.4.1+1 (17.0.4.1+1, mixed mode, tiered, compressed oops, compressed class ptrs, g1 gc, windows-amd64)
GC Precious Log:
 CPUs: 4 total, 4 available
 Memory: 16024M
 Large Page Support: Disabled
 NUMA Support: Disabled
 Compressed Oops: Enabled (Zero based)
 Heap Region Size: 2M
 Heap Min Capacity: 8M
 Heap Initial Capacity: 252M
 Heap Max Capacity: 4008M
 Pre-touch: Disabled
 Parallel Workers: 4
 Concurrent Workers: 1
 Concurrent Refinement Workers: 4
 Periodic GC: Disabled
Heap:
 garbage-first heap   total 34816K, used 21841K [0x0000000705800000, 0x0000000800000000)
  region size 2048K, 5 young (10240K), 1 survivors (2048K)
 Metaspace       used 43701K, committed 43968K, reserved 1089536K
  class space    used 4953K, committed 5056K, reserved 1048576K
GC Heap History (20 events):
Event: 7.790 GC heap before
{Heap before GC invocations=12 (full 0):
 garbage-first heap   total 34816K, used 23333K [0x0000000705800000, 0x0000000800000000)
  region size 2048K, 9 young (18432K), 2 survivors (4096K)
 Metaspace       used 31042K, committed 31360K, reserved 1081344K
  class space    used 3426K, committed 3584K, reserved 1048576K
}
Event: 7.793 GC heap after
{Heap after GC invocations=13 (full 0):
 garbage-first heap   total 34816K, used 9911K [0x0000000705800000, 0x0000000800000000)
  region size 2048K, 2 young (4096K), 2 survivors (4096K)
 Metaspace       used 31042K, committed 31360K, reserved 1081344K
  class space    used 3426K, committed 3584K, reserved 1048576K
}
Event: 9.021 GC heap before
{Heap before GC invocations=13 (full 0):
 garbage-first heap   total 34816K, used 24247K [0x0000000705800000, 0x0000000800000000)
  region size 2048K, 9 young (18432K), 2 survivors (4096K)
 Metaspace       used 32724K, committed 32960K, reserved 1081344K
  class space    used 3664K, committed 3776K, reserved 1048576K
}
Event: 9.026 GC heap after
{Heap after GC invocations=14 (full 0):
 garbage-first heap   total 34816K, used 10771K [0x0000000705800000, 0x0000000800000000)
  region size 2048K, 2 young (4096K), 2 survivors (4096K)
 Metaspace       used 32724K, committed 32960K, reserved 1081344K
  class space    used 3664K, committed 3776K, reserved 1048576K
}
Event: 9.506 GC heap before
{Heap before GC invocations=14 (full 0):
 garbage-first heap   total 34816K, used 25107K [0x0000000705800000, 0x0000000800000000)
  region size 2048K, 9 young (18432K), 2 survivors (4096K)
 Metaspace       used 34212K, committed 34496K, reserved 1081344K
  class space    used 3818K, committed 3904K, reserved 1048576K
}
Event: 9.510 GC heap after
{Heap after GC invocations=15 (full 0):
 garbage-first heap   total 34816K, used 11581K [0x0000000705800000, 0x0000000800000000)
  region size 2048K, 2 young (4096K), 2 survivors (4096K)
 Metaspace       used 34212K, committed 34496K, reserved 1081344K
  class space    used 3818K, committed 3904K, reserved 1048576K
}
Event: 10.279 GC heap before
{Heap before GC invocations=15 (full 0):
 garbage-first heap   total 34816K, used 21821K [0x0000000705800000, 0x0000000800000000)
  region size 2048K, 8 young (16384K), 2 survivors (4096K)
 Metaspace       used 35831K, committed 36096K, reserved 1081344K
  class space    used 3985K, committed 4160K, reserved 1048576K
}
Event: 10.282 GC heap after
{Heap after GC invocations=16 (full 0):
 garbage-first heap   total 34816K, used 12252K [0x0000000705800000, 0x0000000800000000)
  region size 2048K, 1 young (2048K), 1 survivors (2048K)
 Metaspace       used 35831K, committed 36096K, reserved 1081344K
  class space    used 3985K, committed 4160K, reserved 1048576K
}
Event: 11.258 GC heap before
{Heap before GC invocations=17 (full 0):
 garbage-first heap   total 34816K, used 24540K [0x0000000705800000, 0x0000000800000000)
  region size 2048K, 7 young (14336K), 1 survivors (2048K)
 Metaspace       used 37131K, committed 37440K, reserved 1089536K
  class space    used 4125K, committed 4288K, reserved 1048576K
}
Event: 11.261 GC heap after
{Heap after GC invocations=18 (full 0):
 garbage-first heap   total 34816K, used 13083K [0x0000000705800000, 0x0000000800000000)
  region size 2048K, 1 young (2048K), 1 survivors (2048K)
 Metaspace       used 37131K, committed 37440K, reserved 1089536K
  class space    used 4125K, committed 4288K, reserved 1048576K
}
Event: 11.853 GC heap before
{Heap before GC invocations=18 (full 0):
 garbage-first heap   total 34816K, used 25371K [0x0000000705800000, 0x0000000800000000)
  region size 2048K, 7 young (14336K), 1 survivors (2048K)
 Metaspace       used 38364K, committed 38656K, reserved 1089536K
  class space    used 4295K, committed 4416K, reserved 1048576K
}
Event: 11.856 GC heap after
{Heap after GC invocations=19 (full 0):
 garbage-first heap   total 34816K, used 13913K [0x0000000705800000, 0x0000000800000000)
  region size 2048K, 1 young (2048K), 1 survivors (2048K)
 Metaspace       used 38364K, committed 38656K, reserved 1089536K
  class space    used 4295K, committed 4416K, reserved 1048576K
}
Event: 13.737 GC heap before
{Heap before GC invocations=19 (full 0):
 garbage-first heap   total 34816K, used 26201K [0x0000000705800000, 0x0000000800000000)
  region size 2048K, 7 young (14336K), 1 survivors (2048K)
 Metaspace       used 39401K, committed 39744K, reserved 1089536K
  class space    used 4429K, committed 4608K, reserved 1048576K
}
Event: 13.741 GC heap after
{Heap after GC invocations=20 (full 0):
 garbage-first heap   total 34816K, used 14442K [0x0000000705800000, 0x0000000800000000)
  region size 2048K, 1 young (2048K), 1 survivors (2048K)
 Metaspace       used 39401K, committed 39744K, reserved 1089536K
  class space    used 4429K, committed 4608K, reserved 1048576K
}
Event: 14.797 GC heap before
{Heap before GC invocations=20 (full 0):
 garbage-first heap   total 34816K, used 24682K [0x0000000705800000, 0x0000000800000000)
  region size 2048K, 6 young (12288K), 1 survivors (2048K)
 Metaspace       used 40628K, committed 40960K, reserved 1089536K
  class space    used 4576K, committed 4736K, reserved 1048576K
}
Event: 14.800 GC heap after
{Heap after GC invocations=21 (full 0):
 garbage-first heap   total 34816K, used 15053K [0x0000000705800000, 0x0000000800000000)
  region size 2048K, 1 young (2048K), 1 survivors (2048K)
 Metaspace       used 40628K, committed 40960K, reserved 1089536K
  class space    used 4576K, committed 4736K, reserved 1048576K
}
Event: 45.516 GC heap before
{Heap before GC invocations=21 (full 0):
 garbage-first heap   total 34816K, used 25293K [0x0000000705800000, 0x0000000800000000)
  region size 2048K, 6 young (12288K), 1 survivors (2048K)
 Metaspace       used 41845K, committed 42176K, reserved 1089536K
  class space    used 4713K, committed 4864K, reserved 1048576K
}
Event: 45.520 GC heap after
{Heap after GC invocations=22 (full 0):
 garbage-first heap   total 34816K, used 15544K [0x0000000705800000, 0x0000000800000000)
  region size 2048K, 1 young (2048K), 1 survivors (2048K)
 Metaspace       used 41845K, committed 42176K, reserved 1089536K
  class space    used 4713K, committed 4864K, reserved 1048576K
}
Event: 46.330 GC heap before
{Heap before GC invocations=22 (full 0):
 garbage-first heap   total 34816K, used 25784K [0x0000000705800000, 0x0000000800000000)
  region size 2048K, 6 young (12288K), 1 survivors (2048K)
 Metaspace       used 42890K, committed 43200K, reserved 1089536K
  class space    used 4868K, committed 4992K, reserved 1048576K
}
Event: 46.335 GC heap after
{Heap after GC invocations=23 (full 0):
 garbage-first heap   total 34816K, used 15697K [0x0000000705800000, 0x0000000800000000)
  region size 2048K, 1 young (2048K), 1 survivors (2048K)
 Metaspace       used 42890K, committed 43200K, reserved 1089536K
  class space    used 4868K, committed 4992K, reserved 1048576K
}

